2024-12-04 02:12:09,104 - INFO - Успешный запрос к URL: https://www.tsum.ru/catalog/odezhda-2409/
2024-12-04 02:12:09,171 - INFO - Найдено 0 элементов на странице https://www.tsum.ru/catalog/odezhda-2409/
2024-12-04 02:14:06,821 - INFO - Успешный запрос к URL: https://www.tsum.ru/catalog/odezhda-2409/
2024-12-06 19:03:20,094 - INFO - Успешный запрос к URL: https://www.tsum.ru/catalog/odezhda-2409/
2024-12-06 19:11:17,010 - INFO - Успешный запрос к URL: https://www.tsum.ru/catalog/odezhda-2409/
2024-12-06 23:42:47,579 - INFO - Успешный запрос к URL: https://www.tsum.ru/catalog/odezhda-2409/
2024-12-08 00:05:15,511 - INFO - Успешный запрос к URL: https://www.tsum.ru/catalog/odezhda-2409/
2024-12-08 00:05:17,646 - INFO - Успешный запрос к URL: https://www.tsum.ru/product/7015783-kashemirovoe-palto-must-chernyi/
2024-12-08 00:19:39,412 - INFO - Успешный запрос к URL: https://www.tsum.ru/catalog/odezhda-2409/
2024-12-08 00:19:41,448 - INFO - Успешный запрос к URL: https://www.tsum.ru/product/7015783-kashemirovoe-palto-must-chernyi/
2024-12-08 00:19:43,769 - INFO - Успешный запрос к URL: https://www.tsum.ru/catalog/obuv-18440/
2024-12-08 00:19:43,833 - INFO - Найдено 0 элементов на странице https://www.tsum.ru/catalog/obuv-18440/
2024-12-08 00:19:45,718 - INFO - Успешный запрос к URL: https://www.tsum.ru/catalog/odezhda-2409/
2024-12-08 00:19:45,780 - INFO - Найдено 0 элементов на странице https://www.tsum.ru/catalog/odezhda-2409/
2024-12-08 00:19:48,269 - INFO - Успешный запрос к URL: https://www.tsum.ru/catalog/obuv-18405/
2024-12-08 00:19:48,345 - INFO - Найдено 0 элементов на странице https://www.tsum.ru/catalog/obuv-18405/
2024-12-08 00:19:50,713 - INFO - Успешный запрос к URL: https://www.tsum.ru/catalog/odezhda-18413/
2024-12-08 00:19:50,777 - INFO - Найдено 0 элементов на странице https://www.tsum.ru/catalog/odezhda-18413/
2024-12-08 00:25:30,690 - INFO - Успешный запрос к URL: https://www.tsum.ru/catalog/odezhda-2409/
2024-12-08 00:25:32,550 - INFO - Успешный запрос к URL: https://www.tsum.ru/product/7015783-kashemirovoe-palto-must-chernyi/
2024-12-08 00:25:32,593 - INFO - Найдено 0 элементов на странице https://www.tsum.ru/product/7015783-kashemirovoe-palto-must-chernyi/
2024-12-08 00:25:34,704 - INFO - Успешный запрос к URL: https://www.tsum.ru/catalog/obuv-18440/
2024-12-08 00:25:34,767 - INFO - Найдено 0 элементов на странице https://www.tsum.ru/catalog/obuv-18440/
2024-12-08 00:25:36,442 - INFO - Успешный запрос к URL: https://www.tsum.ru/catalog/odezhda-2409/
2024-12-08 00:25:36,509 - INFO - Найдено 0 элементов на странице https://www.tsum.ru/catalog/odezhda-2409/
2024-12-08 00:25:38,704 - INFO - Успешный запрос к URL: https://www.tsum.ru/catalog/obuv-18405/
2024-12-08 00:25:38,780 - INFO - Найдено 0 элементов на странице https://www.tsum.ru/catalog/obuv-18405/
2024-12-08 00:25:40,975 - INFO - Успешный запрос к URL: https://www.tsum.ru/catalog/odezhda-18413/
2024-12-08 00:25:41,037 - INFO - Найдено 0 элементов на странице https://www.tsum.ru/catalog/odezhda-18413/
2024-12-08 00:25:55,660 - INFO - Успешный запрос к URL: https://www.tsum.ru/catalog/odezhda-2409/
2024-12-08 00:25:57,612 - INFO - Успешный запрос к URL: https://www.tsum.ru/product/7015783-kashemirovoe-palto-must-chernyi/
2024-12-08 00:25:59,280 - INFO - Успешный запрос к URL: https://www.tsum.ru/catalog/obuv-18440/
2024-12-08 00:25:59,340 - INFO - Найдено 8 элементов на странице https://www.tsum.ru/catalog/obuv-18440/
2024-12-08 00:26:01,006 - INFO - Успешный запрос к URL: https://www.tsum.ru/catalog/odezhda-2409/
2024-12-08 00:26:01,068 - INFO - Найдено 15 элементов на странице https://www.tsum.ru/catalog/odezhda-2409/
2024-12-08 00:26:02,733 - INFO - Успешный запрос к URL: https://www.tsum.ru/catalog/obuv-18405/
2024-12-08 00:26:02,805 - INFO - Найдено 9 элементов на странице https://www.tsum.ru/catalog/obuv-18405/
2024-12-08 00:26:04,450 - INFO - Успешный запрос к URL: https://www.tsum.ru/catalog/odezhda-18413/
2024-12-08 00:26:04,509 - INFO - Найдено 17 элементов на странице https://www.tsum.ru/catalog/odezhda-18413/
2024-12-08 00:31:23,811 - INFO - Успешный запрос к URL: https://www.tsum.ru/catalog/odezhda-2409/
2024-12-08 00:31:25,318 - INFO - Успешный запрос к URL: https://www.tsum.ru/product/7015783-kashemirovoe-palto-must-chernyi/
2024-12-08 00:31:27,421 - INFO - Успешный запрос к URL: https://www.tsum.ru/catalog/obuv-18440/
2024-12-08 00:31:27,482 - INFO - Найдено 8 элементов на странице https://www.tsum.ru/catalog/obuv-18440/
2024-12-08 00:31:29,577 - INFO - Успешный запрос к URL: https://www.tsum.ru/catalog/krossovki-19739/?page=1
2024-12-08 00:31:29,638 - INFO - Добавлено 60 уникальных ссылок с страницы 1
2024-12-08 00:41:41,955 - INFO - Успешный запрос к URL: https://www.tsum.ru/catalog/odezhda-2409/
2024-12-08 00:41:44,022 - INFO - Успешный запрос к URL: https://www.tsum.ru/product/7015783-kashemirovoe-palto-must-chernyi/
2024-12-08 00:41:45,736 - INFO - Успешный запрос к URL: https://www.tsum.ru/catalog/obuv-18440/
2024-12-08 00:41:45,798 - INFO - Найдено 8 элементов на странице https://www.tsum.ru/catalog/obuv-18440/
2024-12-08 00:41:48,191 - INFO - Успешный запрос к URL: https://www.tsum.ru/catalog/krossovki-19739/?page=1
2024-12-08 00:41:48,251 - INFO - Добавлено 60 уникальных ссылок с страницы 1
2024-12-08 00:43:36,326 - INFO - Успешный запрос к URL: https://www.tsum.ru/catalog/odezhda-2409/
2024-12-08 00:43:37,899 - INFO - Успешный запрос к URL: https://www.tsum.ru/product/7015783-kashemirovoe-palto-must-chernyi/
2024-12-08 00:43:39,567 - INFO - Успешный запрос к URL: https://www.tsum.ru/catalog/obuv-18440/
2024-12-08 00:43:39,626 - INFO - Найдено 8 элементов на странице https://www.tsum.ru/catalog/obuv-18440/
2024-12-08 00:43:41,301 - INFO - Успешный запрос к URL: https://www.tsum.ru/catalog/krossovki-19739/?page=1
2024-12-08 00:43:41,361 - INFO - Добавлено 60 уникальных ссылок с страницы 1
2024-12-08 00:43:41,362 - INFO - Добавлено 60 новых ссылок в Tsum-Man-krossovki-19739.json
2024-12-08 00:43:41,363 - ERROR - Ошибка при запросе к URL /product/7009796-kozhanye-kedy-santoni-molochnyi/: Invalid URL '/product/7009796-kozhanye-kedy-santoni-molochnyi/': No scheme supplied. Perhaps you meant https:///product/7009796-kozhanye-kedy-santoni-molochnyi/?
2024-12-08 00:43:41,363 - ERROR - Произошла ошибка при обработке страницы: object of type 'NoneType' has no len()
2024-12-08 00:45:02,575 - INFO - Успешный запрос к URL: https://www.tsum.ru/catalog/odezhda-2409/
2024-12-08 00:45:04,093 - INFO - Успешный запрос к URL: https://www.tsum.ru/product/7015783-kashemirovoe-palto-must-chernyi/
2024-12-08 00:45:05,847 - INFO - Успешный запрос к URL: https://www.tsum.ru/catalog/obuv-18440/
2024-12-08 00:45:05,909 - INFO - Найдено 8 элементов на странице https://www.tsum.ru/catalog/obuv-18440/
2024-12-08 00:45:07,546 - INFO - Успешный запрос к URL: https://www.tsum.ru/catalog/krossovki-19739/?page=1
2024-12-08 00:45:07,607 - INFO - Добавлено 60 уникальных ссылок с страницы 1
2024-12-08 00:45:07,608 - INFO - Добавлено 0 новых ссылок в Tsum-Man-krossovki-19739.json
2024-12-08 00:45:07,608 - ERROR - Ошибка при запросе к URL /product/7009796-kozhanye-kedy-santoni-molochnyi/: Invalid URL '/product/7009796-kozhanye-kedy-santoni-molochnyi/': No scheme supplied. Perhaps you meant https:///product/7009796-kozhanye-kedy-santoni-molochnyi/?
2024-12-08 00:45:07,608 - ERROR - Произошла ошибка при обработке страницы: object of type 'NoneType' has no len()
2024-12-08 00:50:36,554 - INFO - Успешный запрос к URL: https://www.tsum.ru/catalog/odezhda-2409/
2024-12-08 00:50:38,341 - INFO - Успешный запрос к URL: https://www.tsum.ru/product/7015783-kashemirovoe-palto-must-chernyi/
2024-12-08 00:50:40,116 - INFO - Успешный запрос к URL: https://www.tsum.ru/catalog/obuv-18440/
2024-12-08 00:50:40,179 - INFO - Найдено 8 элементов на странице https://www.tsum.ru/catalog/obuv-18440/
2024-12-08 00:50:41,847 - INFO - Успешный запрос к URL: https://www.tsum.ru/catalog/krossovki-19739/?page=1
2024-12-08 00:50:41,908 - INFO - Добавлено 60 уникальных ссылок с страницы 1
2024-12-08 00:50:41,914 - INFO - Добавлено 60 новых ссылок в Tsum-Man-krossovki-19739.json
2024-12-08 00:50:44,102 - INFO - Успешный запрос к URL: https://www.tsum.ru/product/6969980-kedy-cupsole-hugo-belyi-id102739993/
2024-12-08 00:50:46,948 - INFO - Картинка успешно загружена: Tsum-Man-krossovki-19739\049bf411-679d-4b4d-a13c-65bd1fe8bb8e.jpg
2024-12-08 00:50:48,549 - INFO - Картинка успешно загружена: Tsum-Man-krossovki-19739\3d01ec75-d4bd-4551-b499-8febdc7c31df.jpg
2024-12-08 00:50:50,405 - INFO - Картинка успешно загружена: Tsum-Man-krossovki-19739\1c53a785-02f7-481f-b13c-7372c9237648.jpg
2024-12-08 00:50:51,762 - INFO - Картинка успешно загружена: Tsum-Man-krossovki-19739\7e6bc869-bb37-4d92-8ccd-84a7e0e0281d.jpg
2024-12-08 00:50:53,210 - INFO - Картинка успешно загружена: Tsum-Man-krossovki-19739\a62f3309-6575-48f2-89e3-bee79c947643.jpg
2024-12-08 00:50:54,811 - INFO - Картинка успешно загружена: Tsum-Man-krossovki-19739\5927a9b4-869d-4915-b4f7-925a70603864.jpg
2024-12-08 00:50:56,783 - INFO - Успешный запрос к URL: https://www.tsum.ru/product/6947443-tekstilnye-krossovki-fendi-tag-fendi-belyi/
2024-12-08 00:50:58,241 - INFO - Картинка успешно загружена: Tsum-Man-krossovki-19739\d2899820-40c2-4fdc-a183-c73b6fb4bcdd.jpg
2024-12-08 00:50:59,603 - INFO - Картинка успешно загружена: Tsum-Man-krossovki-19739\01e95094-860a-47f1-a41d-0ed55152d51e.jpg
2024-12-08 00:51:00,965 - INFO - Картинка успешно загружена: Tsum-Man-krossovki-19739\8a29b052-1fee-401c-9135-8dfc6dab41f1.jpg
2024-12-08 00:51:02,368 - INFO - Картинка успешно загружена: Tsum-Man-krossovki-19739\375be145-020f-470b-85ed-b9c9b92b76df.jpg
2024-12-08 00:51:03,758 - INFO - Картинка успешно загружена: Tsum-Man-krossovki-19739\e2966a97-686b-421d-a67b-06352866322d.jpg
2024-12-08 00:51:05,408 - INFO - Картинка успешно загружена: Tsum-Man-krossovki-19739\5f787f84-11f3-4faa-9a54-a144fc1f1e94.jpg
2024-12-08 00:51:07,500 - INFO - Успешный запрос к URL: https://www.tsum.ru/product/6979161-kozhanye-kedy-vl7n-valentino-belyi/
2024-12-08 00:51:09,026 - INFO - Картинка успешно загружена: Tsum-Man-krossovki-19739\0862f5a4-3dd9-4958-8774-81675ab1672f.jpg
2024-12-08 00:51:10,734 - INFO - Картинка успешно загружена: Tsum-Man-krossovki-19739\9fe21a1d-4cab-43cb-bad3-a8603218a7d5.jpg
2024-12-08 00:51:12,166 - INFO - Картинка успешно загружена: Tsum-Man-krossovki-19739\de07c075-96ce-4e25-a092-f36721ffb50a.jpg
2024-12-08 00:51:14,085 - INFO - Картинка успешно загружена: Tsum-Man-krossovki-19739\7d22b238-edce-489e-9254-0ec64a792ced.jpg
2024-12-08 00:51:15,463 - INFO - Картинка успешно загружена: Tsum-Man-krossovki-19739\5ddf8da6-a1fb-4ae6-914f-961f73f11e68.jpg
2024-12-08 00:51:17,058 - INFO - Картинка успешно загружена: Tsum-Man-krossovki-19739\067abba7-f607-4302-9454-7e49e838a546.jpg
2024-12-08 00:51:18,975 - INFO - Успешный запрос к URL: https://www.tsum.ru/product/6969980-kedy-cupsole-hugo-chernyi/
2024-12-08 00:51:20,384 - INFO - Картинка успешно загружена: Tsum-Man-krossovki-19739\375df47c-5801-44c0-9189-88d07e048fe8.jpg
2024-12-08 00:51:22,065 - INFO - Картинка успешно загружена: Tsum-Man-krossovki-19739\f26c0c1a-3981-4342-8085-9799e6ad6a4e.jpg
2024-12-08 00:51:23,684 - INFO - Картинка успешно загружена: Tsum-Man-krossovki-19739\7f804268-1681-4700-86cf-36de8fa0cfe7.jpg
2024-12-08 00:51:25,114 - INFO - Картинка успешно загружена: Tsum-Man-krossovki-19739\3ad5fe12-a3b6-447a-a7ce-ec661952e38a.jpg
2024-12-08 00:51:26,553 - INFO - Картинка успешно загружена: Tsum-Man-krossovki-19739\6cf46826-3b1f-4857-986f-79ec92611c70.jpg
2024-12-08 00:51:28,109 - INFO - Картинка успешно загружена: Tsum-Man-krossovki-19739\12b8e876-1176-49f0-8f6c-c1b48c65e2f1.jpg
2024-12-08 00:51:30,785 - INFO - Успешный запрос к URL: https://www.tsum.ru/product/6886254-kozhanye-krossovki-odissea-versace-svetlo-korichnevyi/
2024-12-08 00:51:32,254 - INFO - Картинка успешно загружена: Tsum-Man-krossovki-19739\a9777090-a852-4f5f-bf8c-ed86de1b802a.jpg
2024-12-08 00:51:33,769 - INFO - Картинка успешно загружена: Tsum-Man-krossovki-19739\a45a1807-1c56-4bca-8503-cb4726d86fcb.jpg
2024-12-08 00:51:35,358 - INFO - Картинка успешно загружена: Tsum-Man-krossovki-19739\c69ece68-e009-494c-88fb-e409187b3c2f.jpg
2024-12-08 00:51:36,733 - INFO - Картинка успешно загружена: Tsum-Man-krossovki-19739\6e0fb314-6f28-4f1d-a26a-4c184f9c8426.jpg
2024-12-08 00:51:38,188 - INFO - Картинка успешно загружена: Tsum-Man-krossovki-19739\7e82cd9b-d882-4ed9-b1c3-82de0e3aa5d3.jpg
2024-12-08 00:51:40,116 - INFO - Картинка успешно загружена: Tsum-Man-krossovki-19739\f17df3ca-6a20-4e49-b3e1-fa2840099c8c.jpg
2024-12-08 00:51:42,626 - INFO - Успешный запрос к URL: https://www.tsum.ru/product/6962827-zamshevye-krossovki-dg-runner-dolce-gabbana-korichnevyi/
2024-12-08 00:51:44,342 - INFO - Картинка успешно загружена: Tsum-Man-krossovki-19739\f720cb67-ccba-4578-8cce-05d855ecc634.jpg
2024-12-08 00:51:46,133 - INFO - Картинка успешно загружена: Tsum-Man-krossovki-19739\0f0eaf54-8ddf-40a5-b921-e675eb16237a.jpg
2024-12-08 00:51:48,015 - INFO - Картинка успешно загружена: Tsum-Man-krossovki-19739\f1bfaa0d-ee72-4afc-ac52-90500b09e653.jpg
2024-12-08 00:51:49,436 - INFO - Картинка успешно загружена: Tsum-Man-krossovki-19739\679fa613-5bc1-41e2-99b6-5bb3f512b773.jpg
2024-12-08 00:51:51,544 - INFO - Картинка успешно загружена: Tsum-Man-krossovki-19739\84d935e4-ac22-4a3b-87cd-c811945d9b97.jpg
2024-12-08 00:51:53,315 - INFO - Картинка успешно загружена: Tsum-Man-krossovki-19739\45148cdc-3971-457d-9f6a-2b9338220d4a.jpg
2024-12-08 00:51:55,202 - INFO - Картинка успешно загружена: Tsum-Man-krossovki-19739\c9b3e3d9-6b15-4fce-9fd4-be2495ff58fe.jpg
2024-12-08 00:51:57,351 - INFO - Успешный запрос к URL: https://www.tsum.ru/product/6926277-kozhanye-kedy-b-court-balmain-belyi/
2024-12-08 00:51:58,840 - INFO - Картинка успешно загружена: Tsum-Man-krossovki-19739\b21d6772-1e3e-416b-be63-98418fd6a501.jpg
2024-12-08 00:52:00,418 - INFO - Картинка успешно загружена: Tsum-Man-krossovki-19739\eac30350-1248-47c7-b27d-5175be954de3.jpg
2024-12-08 00:52:02,031 - INFO - Картинка успешно загружена: Tsum-Man-krossovki-19739\ad52db8e-0a2a-4d63-aeca-d4d16555bcd3.jpg
2024-12-08 00:52:03,478 - INFO - Картинка успешно загружена: Tsum-Man-krossovki-19739\caf17e1c-b899-4891-8c6a-9f88d319f366.jpg
2024-12-08 00:52:04,961 - INFO - Картинка успешно загружена: Tsum-Man-krossovki-19739\272c2b34-0167-4fce-a017-de322c6799f3.jpg
2024-12-08 00:52:06,998 - INFO - Картинка успешно загружена: Tsum-Man-krossovki-19739\376395c7-6a12-4d9c-91c8-f558a0e0b8a5.jpg
2024-12-08 00:52:09,339 - INFO - Успешный запрос к URL: https://www.tsum.ru/product/6916837-kozhanye-kedy-screener-gucci-belyi/
2024-12-08 00:52:10,948 - INFO - Картинка успешно загружена: Tsum-Man-krossovki-19739\a9eb18ba-3b16-48cb-be88-b18701db378d.jpg
2024-12-08 00:52:12,483 - INFO - Картинка успешно загружена: Tsum-Man-krossovki-19739\8690ce6c-5aac-4889-ae63-6a72d3fddc73.jpg
2024-12-08 00:52:14,384 - INFO - Картинка успешно загружена: Tsum-Man-krossovki-19739\ca0b8316-7d25-4d11-ac88-986e89f40cee.jpg
2024-12-08 00:52:15,917 - INFO - Картинка успешно загружена: Tsum-Man-krossovki-19739\5681cea7-5acb-4649-8081-958389fdb35d.jpg
2024-12-08 00:52:17,450 - INFO - Картинка успешно загружена: Tsum-Man-krossovki-19739\11d282ba-b38f-4f2b-be89-9b639d99f900.jpg
2024-12-08 00:52:19,020 - INFO - Картинка успешно загружена: Tsum-Man-krossovki-19739\3273d02a-e6c0-405e-a038-5c1c6e7427fb.jpg
2024-12-08 00:52:21,028 - INFO - Успешный запрос к URL: https://www.tsum.ru/product/6931078-kombinirovannye-krossovki-stefano-ricci-korichnevyi/
2024-12-08 00:52:22,542 - INFO - Картинка успешно загружена: Tsum-Man-krossovki-19739\98e9733a-0934-4d0c-b3a0-bdbc1274cafe.jpg
2024-12-08 00:52:24,091 - INFO - Картинка успешно загружена: Tsum-Man-krossovki-19739\2acb9a95-5e22-4cee-8f7f-9a64d35ab234.jpg
2024-12-08 00:52:25,495 - INFO - Картинка успешно загружена: Tsum-Man-krossovki-19739\2e934d06-19f5-4ee5-aea5-b96f776ac493.jpg
2024-12-08 00:52:26,944 - INFO - Картинка успешно загружена: Tsum-Man-krossovki-19739\132741d7-03c8-4787-ba41-8911f77765f0.jpg
2024-12-08 00:52:28,318 - INFO - Картинка успешно загружена: Tsum-Man-krossovki-19739\a3b65181-835f-4c96-b18a-29dc42d7dfba.jpg
2024-12-08 00:52:29,671 - INFO - Картинка успешно загружена: Tsum-Man-krossovki-19739\13bf4fac-ccf4-4c64-a6c9-529cdfcced0d.jpg
2024-12-08 00:52:31,660 - INFO - Успешный запрос к URL: https://www.tsum.ru/product/6946543-kombinirovannye-krossovki-run-row-balmain-raznotcvetnyi/
2024-12-08 00:52:33,115 - INFO - Картинка успешно загружена: Tsum-Man-krossovki-19739\3bde7a37-d1ba-4e69-a6e5-b381c5201106.jpg
2024-12-08 00:52:34,538 - INFO - Картинка успешно загружена: Tsum-Man-krossovki-19739\6531d1f1-c60c-4f0d-b1ca-397e45ce4f6a.jpg
2024-12-08 00:52:36,158 - INFO - Картинка успешно загружена: Tsum-Man-krossovki-19739\1388a387-f7c3-45d4-8c0e-ca374de0218f.jpg
2024-12-08 00:52:37,499 - INFO - Картинка успешно загружена: Tsum-Man-krossovki-19739\84e9c5a0-2e3c-41e4-9000-bdf06fe75fae.jpg
2024-12-08 00:52:39,093 - INFO - Картинка успешно загружена: Tsum-Man-krossovki-19739\15b4057e-f5b8-4ba4-9c66-cf08f363aa77.jpg
2024-12-08 00:52:40,661 - INFO - Картинка успешно загружена: Tsum-Man-krossovki-19739\88a65def-3f68-4ee0-a944-4fe8600be694.jpg
2024-12-08 00:52:42,686 - INFO - Успешный запрос к URL: https://www.tsum.ru/product/6974229-kozhanye-krossovki-hy-run-santoni-belyi/
2024-12-08 00:52:44,180 - INFO - Картинка успешно загружена: Tsum-Man-krossovki-19739\e30217af-e8d1-4536-80ec-74ebb6589d5a.jpg
2024-12-08 00:52:45,726 - INFO - Картинка успешно загружена: Tsum-Man-krossovki-19739\1fee9797-b2ab-4af0-8413-d71f03611507.jpg
2024-12-08 00:52:47,136 - INFO - Картинка успешно загружена: Tsum-Man-krossovki-19739\991c4e53-cab6-45eb-b47d-d24047dffc29.jpg
2024-12-08 00:52:48,517 - INFO - Картинка успешно загружена: Tsum-Man-krossovki-19739\ecdfd012-2d36-4a96-a281-fcbef74b6ed1.jpg
2024-12-08 00:52:49,866 - INFO - Картинка успешно загружена: Tsum-Man-krossovki-19739\38f9c317-1958-486a-a848-6719da50f1bf.jpg
2024-12-08 00:52:51,444 - INFO - Картинка успешно загружена: Tsum-Man-krossovki-19739\de373d37-b49e-4478-a1b2-e4451195e08a.jpg
2024-12-08 00:52:53,438 - INFO - Успешный запрос к URL: https://www.tsum.ru/product/6990453-kombinirovannye-kedy-boogie-dsquared2-belyi/
2024-12-08 00:52:55,354 - INFO - Картинка успешно загружена: Tsum-Man-krossovki-19739\dab58a8d-6e51-429a-91f0-f470e6a98c0f.jpg
2024-12-08 00:52:57,168 - INFO - Картинка успешно загружена: Tsum-Man-krossovki-19739\b015f74d-a450-471f-8bb5-67741c41f82a.jpg
2024-12-08 00:52:59,172 - INFO - Картинка успешно загружена: Tsum-Man-krossovki-19739\663562ee-5e3a-4fe5-835a-e3dc56a81c06.jpg
2024-12-08 00:53:00,970 - INFO - Картинка успешно загружена: Tsum-Man-krossovki-19739\86997671-0242-41fb-a71a-7e401e045db6.jpg
2024-12-08 00:53:02,587 - INFO - Картинка успешно загружена: Tsum-Man-krossovki-19739\15e97921-abf3-4fd5-b33b-7c365a25f781.jpg
2024-12-08 00:53:04,145 - INFO - Картинка успешно загружена: Tsum-Man-krossovki-19739\e368348d-11af-4b30-bb3d-a0a4f9503854.jpg
2024-12-08 00:53:06,229 - INFO - Успешный запрос к URL: https://www.tsum.ru/product/6962825-kozhanye-kedy-portofino-dolce-gabbana-belyi/
2024-12-08 00:53:07,679 - INFO - Картинка успешно загружена: Tsum-Man-krossovki-19739\52f5bfad-c9c0-4aa3-b8d5-31228f5f7301.jpg
2024-12-08 00:53:09,112 - INFO - Картинка успешно загружена: Tsum-Man-krossovki-19739\9fb0025d-0eca-4aeb-a679-eb76990bb1f8.jpg
2024-12-08 00:53:10,734 - INFO - Картинка успешно загружена: Tsum-Man-krossovki-19739\0531da45-f17e-4729-b0b5-dc589fa2b68d.jpg
2024-12-08 00:53:12,341 - INFO - Картинка успешно загружена: Tsum-Man-krossovki-19739\08d1fdbb-a27d-4385-b63b-690523f9190b.jpg
2024-12-08 00:53:13,822 - INFO - Картинка успешно загружена: Tsum-Man-krossovki-19739\7c50aa33-7764-41a1-b8bf-78591882dedd.jpg
2024-12-08 00:53:15,428 - INFO - Картинка успешно загружена: Tsum-Man-krossovki-19739\b20c38b5-9824-482e-9b3e-03c8a34f5fa0.jpg
2024-12-08 00:53:17,463 - INFO - Успешный запрос к URL: https://www.tsum.ru/product/6999676-kozhanye-kedy-phoenix-barracuda-chernyi/
2024-12-08 00:53:18,971 - INFO - Картинка успешно загружена: Tsum-Man-krossovki-19739\dada4baf-d11b-4f04-a28f-83bade276762.jpg
2024-12-08 00:53:20,366 - INFO - Картинка успешно загружена: Tsum-Man-krossovki-19739\a6bb56f1-eca7-4685-a94e-ea2cf94e72df.jpg
2024-12-08 00:53:21,891 - INFO - Картинка успешно загружена: Tsum-Man-krossovki-19739\6ed9fe68-e9ee-4df4-b887-18abd218433f.jpg
2024-12-08 00:53:23,322 - INFO - Картинка успешно загружена: Tsum-Man-krossovki-19739\29c3b452-3d22-444c-a3c0-bd872a63020a.jpg
2024-12-08 00:53:24,761 - INFO - Картинка успешно загружена: Tsum-Man-krossovki-19739\2f3847cd-8506-464c-9513-0bb5b26a1be2.jpg
2024-12-08 00:53:26,322 - INFO - Картинка успешно загружена: Tsum-Man-krossovki-19739\4d73b036-928f-4f31-8685-4e5f4bebb3f8.jpg
2024-12-08 00:53:28,303 - INFO - Успешный запрос к URL: https://www.tsum.ru/product/5357837-kozhanye-kedy-replica-maison-margiela-temno-korichnevyi-id102715788/
2024-12-08 00:53:29,790 - INFO - Картинка успешно загружена: Tsum-Man-krossovki-19739\6fd5363f-c198-4699-bbbf-be04714f6c27.jpg
2024-12-08 00:53:31,326 - INFO - Картинка успешно загружена: Tsum-Man-krossovki-19739\c2290b5e-c9cb-4101-86be-7a986c0f6c05.jpg
2024-12-08 00:53:33,306 - INFO - Картинка успешно загружена: Tsum-Man-krossovki-19739\5ac66148-9bf2-450b-be66-51b7ad3aba97.jpg
2024-12-08 00:53:34,758 - INFO - Картинка успешно загружена: Tsum-Man-krossovki-19739\d32155c0-d01e-4d3f-8366-973068c3548c.jpg
2024-12-08 00:53:36,330 - INFO - Картинка успешно загружена: Tsum-Man-krossovki-19739\2f7401d3-6b28-4fc8-bcd8-888ad780b737.jpg
2024-12-08 00:53:38,511 - INFO - Картинка успешно загружена: Tsum-Man-krossovki-19739\19b6a692-0911-48e0-87ac-56ad60cca5f3.jpg
2024-12-08 00:53:40,837 - INFO - Успешный запрос к URL: https://www.tsum.ru/product/6038470-kozhanye-kedy-must-temno-sinii/
2024-12-08 00:53:42,425 - INFO - Картинка успешно загружена: Tsum-Man-krossovki-19739\2d4e7bcf-ac51-3671-8a98-8b6031b55615.jpg
2024-12-08 00:53:44,120 - INFO - Картинка успешно загружена: Tsum-Man-krossovki-19739\e1c2b614-79d2-3174-8c71-4a6eacbee353.jpg
2024-12-08 00:53:45,833 - INFO - Картинка успешно загружена: Tsum-Man-krossovki-19739\dfd68836-b64b-3a22-9361-56ceb5b37f21.jpg
2024-12-08 00:53:47,581 - INFO - Картинка успешно загружена: Tsum-Man-krossovki-19739\7f7e9ca5-488c-3cf3-ad35-8c6e3dd927ce.jpg
2024-12-08 00:53:49,329 - INFO - Картинка успешно загружена: Tsum-Man-krossovki-19739\bbfbe04e-75ed-37c0-9678-32a13a877359.jpg
2024-12-08 00:53:50,858 - INFO - Картинка успешно загружена: Tsum-Man-krossovki-19739\e033a0bb-1f02-392a-aade-4a8f90570552.jpg
2024-12-08 00:53:52,851 - INFO - Успешный запрос к URL: https://www.tsum.ru/product/7004349-kozhanye-kedy-olympia-brioni-chernyi/
2024-12-08 00:53:54,361 - INFO - Картинка успешно загружена: Tsum-Man-krossovki-19739\f3ec9f4f-8e31-49d6-ade0-0eaa2eb6f6ac.jpg
2024-12-08 00:53:55,799 - INFO - Картинка успешно загружена: Tsum-Man-krossovki-19739\92e82482-3934-4b53-ade6-a4111e172e5e.jpg
2024-12-08 00:53:57,378 - INFO - Картинка успешно загружена: Tsum-Man-krossovki-19739\4cba4be0-0e3f-4b2a-91b8-f87bb05fb4cc.jpg
2024-12-08 00:53:58,956 - INFO - Картинка успешно загружена: Tsum-Man-krossovki-19739\9dfac6c1-4fa1-4ba3-8366-d5c769d95bed.jpg
2024-12-08 00:54:00,661 - INFO - Картинка успешно загружена: Tsum-Man-krossovki-19739\336670c8-30c1-4f54-a5fa-8d2603662eca.jpg
2024-12-08 00:54:02,289 - INFO - Картинка успешно загружена: Tsum-Man-krossovki-19739\c28b730a-4d53-49b0-9ee7-d461113fe696.jpg
2024-12-08 00:54:04,447 - INFO - Успешный запрос к URL: https://www.tsum.ru/product/6972223-kozhanye-kedy-sl-61-saint-laurent-belyi/
2024-12-08 00:54:05,890 - INFO - Картинка успешно загружена: Tsum-Man-krossovki-19739\cf644a58-b69f-4525-8681-c82b33221850.jpg
2024-12-08 00:54:07,304 - INFO - Картинка успешно загружена: Tsum-Man-krossovki-19739\8aa996c4-7937-47f9-8978-34543c4855d4.jpg
2024-12-08 00:54:08,685 - INFO - Картинка успешно загружена: Tsum-Man-krossovki-19739\7d7fd5d5-4730-4b0d-8255-2750b3a60258.jpg
2024-12-08 00:54:10,130 - INFO - Картинка успешно загружена: Tsum-Man-krossovki-19739\4253fd77-95ec-489c-9c8d-efa537ddb4fb.jpg
2024-12-08 00:54:11,718 - INFO - Картинка успешно загружена: Tsum-Man-krossovki-19739\1dca090d-3d01-44eb-9afc-6a650f52627d.jpg
2024-12-08 00:54:13,399 - INFO - Картинка успешно загружена: Tsum-Man-krossovki-19739\008b8a5d-9aea-4fdb-8e90-3535af4583ce.jpg
2024-12-08 00:54:15,365 - INFO - Успешный запрос к URL: https://www.tsum.ru/product/6930994-kozhanye-krossovki-kiton-temno-sinii/
2024-12-08 00:54:16,774 - INFO - Картинка успешно загружена: Tsum-Man-krossovki-19739\c5ecda96-5e7a-4ea6-b373-128cc0790557.jpg
2024-12-08 00:54:18,355 - INFO - Картинка успешно загружена: Tsum-Man-krossovki-19739\ce9d8b8c-6112-49d8-9246-2c9003ecf4f8.jpg
2024-12-08 00:54:20,019 - INFO - Картинка успешно загружена: Tsum-Man-krossovki-19739\3e097521-0e07-424f-8a5d-be9290dc93c9.jpg
2024-12-08 00:54:21,424 - INFO - Картинка успешно загружена: Tsum-Man-krossovki-19739\22662370-5130-4ca4-8aea-4a2ced90f559.jpg
2024-12-08 00:54:22,861 - INFO - Картинка успешно загружена: Tsum-Man-krossovki-19739\647be821-e129-4c32-b2d5-985807f98e72.jpg
2024-12-08 00:54:24,433 - INFO - Картинка успешно загружена: Tsum-Man-krossovki-19739\bcce6b33-231e-41d3-9a28-39dd13b40810.jpg
2024-12-08 00:54:26,491 - INFO - Успешный запрос к URL: https://www.tsum.ru/product/6979169-kozhanye-kedy-freedots-valentino-belyi/
2024-12-08 00:54:27,977 - INFO - Картинка успешно загружена: Tsum-Man-krossovki-19739\a617afc6-3d87-48ac-b0bb-7943ce102848.jpg
2024-12-08 00:54:29,609 - INFO - Картинка успешно загружена: Tsum-Man-krossovki-19739\edbf0976-6ebf-4124-be22-c03fa51a4cbb.jpg
2024-12-08 00:54:31,351 - INFO - Картинка успешно загружена: Tsum-Man-krossovki-19739\8f0987eb-c793-4c4c-864b-1d35e1b9f457.jpg
2024-12-08 00:54:32,700 - INFO - Картинка успешно загружена: Tsum-Man-krossovki-19739\e5ab27d4-98e1-441a-9aef-62281c8d3b0d.jpg
2024-12-08 00:54:34,141 - INFO - Картинка успешно загружена: Tsum-Man-krossovki-19739\acc6f63a-3429-4442-ad7e-79afd3b75146.jpg
2024-12-08 00:54:35,792 - INFO - Картинка успешно загружена: Tsum-Man-krossovki-19739\a01b319b-97ed-4d59-9ab5-f0fbe977dbbd.jpg
2024-12-08 00:54:37,865 - INFO - Успешный запрос к URL: https://www.tsum.ru/product/6979258-kombinirovannye-krossovki-mase-premiata-seryi/
2024-12-08 00:54:39,592 - INFO - Картинка успешно загружена: Tsum-Man-krossovki-19739\bac8e291-2db6-4cf5-8937-5655a84a0044.jpg
2024-12-08 00:54:41,266 - INFO - Картинка успешно загружена: Tsum-Man-krossovki-19739\66e5ee63-9912-4dca-9b6f-e55c91db91e8.jpg
2024-12-08 00:54:42,789 - INFO - Картинка успешно загружена: Tsum-Man-krossovki-19739\819d63bc-38df-4310-a8b3-a2c0a128ec33.jpg
2024-12-08 00:54:44,339 - INFO - Картинка успешно загружена: Tsum-Man-krossovki-19739\21173d5a-3232-493f-8e65-efc4c55b76e7.jpg
2024-12-08 00:54:45,902 - INFO - Картинка успешно загружена: Tsum-Man-krossovki-19739\f89e30d5-9a44-427b-b07e-358e532a1032.jpg
2024-12-08 00:54:47,654 - INFO - Картинка успешно загружена: Tsum-Man-krossovki-19739\0cf44c94-c542-4b03-885d-f4a19db2f3c0.jpg
2024-12-08 00:54:49,841 - INFO - Успешный запрос к URL: https://www.tsum.ru/product/6835373-kombinirovannye-kedy-spiker-dsquared2-chernyi/
2024-12-08 00:54:51,410 - INFO - Картинка успешно загружена: Tsum-Man-krossovki-19739\10ea0131-e4fb-444d-9b0e-8227d8c5d2bb.jpg
2024-12-08 00:54:52,804 - INFO - Картинка успешно загружена: Tsum-Man-krossovki-19739\fa6e635a-8764-444a-b396-9f475f19d8f2.jpg
2024-12-08 00:54:54,231 - INFO - Картинка успешно загружена: Tsum-Man-krossovki-19739\1bc3a7a5-5605-45ad-aea2-582883aa7a37.jpg
2024-12-08 00:54:55,587 - INFO - Картинка успешно загружена: Tsum-Man-krossovki-19739\e76c99c1-98e0-48b4-83d1-e0deb1043b69.jpg
2024-12-08 00:54:57,005 - INFO - Картинка успешно загружена: Tsum-Man-krossovki-19739\9fd7e1c9-02b3-4030-a0f7-9ec194bfbcb5.jpg
2024-12-08 00:54:58,542 - INFO - Картинка успешно загружена: Tsum-Man-krossovki-19739\32ac9c76-bd10-41b7-aab9-5068bf89e51d.jpg
2024-12-08 00:55:00,536 - INFO - Успешный запрос к URL: https://www.tsum.ru/product/6969982-krossovki-kane-hugo-chernyi/
2024-12-08 00:55:01,945 - INFO - Картинка успешно загружена: Tsum-Man-krossovki-19739\eba58ce5-e65d-4ebe-9b22-8bd8627f47eb.jpg
2024-12-08 00:55:03,579 - INFO - Картинка успешно загружена: Tsum-Man-krossovki-19739\69b488d0-4a1f-4522-a734-065c4b3b30f0.jpg
2024-12-08 00:55:05,158 - INFO - Картинка успешно загружена: Tsum-Man-krossovki-19739\62a348e3-9cf9-40ee-890e-c4c6d05e44f2.jpg
2024-12-08 00:55:06,527 - INFO - Картинка успешно загружена: Tsum-Man-krossovki-19739\4102f879-8bfc-40bd-8502-5a3d794bb332.jpg
2024-12-08 00:55:07,947 - INFO - Картинка успешно загружена: Tsum-Man-krossovki-19739\af6d3fde-d9ad-4307-b4f4-7d9b9c419d80.jpg
2024-12-08 00:55:09,665 - INFO - Картинка успешно загружена: Tsum-Man-krossovki-19739\86141f7f-d1c7-49a5-bc8e-0c615235c41d.jpg
2024-12-08 00:55:11,949 - INFO - Успешный запрос к URL: https://www.tsum.ru/product/6957612-kozhanye-kedy-roberto-cavalli-chernyi/
2024-12-08 00:55:13,347 - INFO - Картинка успешно загружена: Tsum-Man-krossovki-19739\3ef536f1-826f-4e35-a313-d60e43bc6658.jpg
2024-12-08 00:55:14,927 - INFO - Картинка успешно загружена: Tsum-Man-krossovki-19739\a620cb0d-f1fe-4540-b7a1-9ac71cd77460.jpg
2024-12-08 00:55:16,348 - INFO - Картинка успешно загружена: Tsum-Man-krossovki-19739\43304ba3-4b8c-4fe2-bdf4-6f5e3de77053.jpg
2024-12-08 00:55:17,769 - INFO - Картинка успешно загружена: Tsum-Man-krossovki-19739\61ceb74c-66d0-43b4-89c4-56cf49ae18b7.jpg
2024-12-08 00:55:19,202 - INFO - Картинка успешно загружена: Tsum-Man-krossovki-19739\02ee38a5-30f2-4405-8f35-2a9cbdadcd07.jpg
2024-12-08 00:55:20,757 - INFO - Картинка успешно загружена: Tsum-Man-krossovki-19739\09793c4e-3f81-40a5-80ba-c8a25bda9053.jpg
2024-12-08 00:55:23,035 - INFO - Успешный запрос к URL: https://www.tsum.ru/product/6946937-zamshevye-kedy-santoni-oranzhevyi/
2024-12-08 00:55:24,689 - INFO - Картинка успешно загружена: Tsum-Man-krossovki-19739\5e07de00-1c74-46ae-9405-99ff95b7206a.jpg
2024-12-08 00:55:26,255 - INFO - Картинка успешно загружена: Tsum-Man-krossovki-19739\caa7f25e-7341-4fb6-8754-c16b42721e97.jpg
2024-12-08 00:55:28,028 - INFO - Картинка успешно загружена: Tsum-Man-krossovki-19739\841ff68e-cf30-4c17-9634-f4af2639f479.jpg
2024-12-08 00:55:29,445 - INFO - Картинка успешно загружена: Tsum-Man-krossovki-19739\9ed8b506-523e-46ef-9004-8455213e9236.jpg
2024-12-08 00:55:30,855 - INFO - Картинка успешно загружена: Tsum-Man-krossovki-19739\a8bd4364-75cf-4c10-839e-aa45ef7d171c.jpg
2024-12-08 00:55:32,694 - INFO - Картинка успешно загружена: Tsum-Man-krossovki-19739\7b8ee658-8e98-48c5-b5d3-1bd5ff116d73.jpg
2024-12-08 00:55:34,691 - INFO - Успешный запрос к URL: https://www.tsum.ru/product/6038472-kozhanye-kedy-must-belyi/
2024-12-08 00:55:36,147 - INFO - Картинка успешно загружена: Tsum-Man-krossovki-19739\f0e5a6ad-9362-43b1-8ec4-1a709f710a10.jpg
2024-12-08 00:55:37,687 - INFO - Картинка успешно загружена: Tsum-Man-krossovki-19739\3178c750-196a-4f9c-844a-2adb1fc76e14.jpg
2024-12-08 00:55:39,289 - INFO - Картинка успешно загружена: Tsum-Man-krossovki-19739\90efa6b4-77a3-45bf-8010-8eb9edc808ca.jpg
2024-12-08 00:55:40,641 - INFO - Картинка успешно загружена: Tsum-Man-krossovki-19739\e12faddc-f23b-4853-8317-a07dd843cc35.jpg
2024-12-08 00:55:42,124 - INFO - Картинка успешно загружена: Tsum-Man-krossovki-19739\5ddb56de-66a8-4ffe-8217-dcafdb1205c2.jpg
2024-12-08 00:55:43,729 - INFO - Картинка успешно загружена: Tsum-Man-krossovki-19739\224aedf0-90cb-44e6-b68c-252c064919a0.jpg
2024-12-08 00:55:46,094 - INFO - Успешный запрос к URL: https://www.tsum.ru/product/6957612-kozhanye-kedy-roberto-cavalli-chernyi-id102899435/
2024-12-08 00:55:58,453 - INFO - Картинка успешно загружена: Tsum-Man-krossovki-19739\933ddcf4-def6-4982-b71f-94ba2b923769.jpg
2024-12-08 00:55:59,755 - INFO - Картинка успешно загружена: Tsum-Man-krossovki-19739\3f288ef6-d6ff-44ac-a541-2f9956904399.jpg
2024-12-08 00:56:01,059 - INFO - Картинка успешно загружена: Tsum-Man-krossovki-19739\e691e820-971b-4ee9-98df-5b5e687cf734.jpg
2024-12-08 00:56:02,338 - INFO - Картинка успешно загружена: Tsum-Man-krossovki-19739\c35557cf-b5b0-4a83-a488-3247ead437e4.jpg
2024-12-08 00:56:03,703 - INFO - Картинка успешно загружена: Tsum-Man-krossovki-19739\f78fbc61-52ca-4fa9-9fc1-21240698b650.jpg
2024-12-08 00:56:05,167 - INFO - Картинка успешно загружена: Tsum-Man-krossovki-19739\ef4e3c6b-8c11-43bf-8503-5b3af4bad608.jpg
2024-12-08 00:56:07,535 - INFO - Успешный запрос к URL: https://www.tsum.ru/product/6947441-kozhanye-kedy-fendi-match-fendi-belyi/
2024-12-08 00:56:19,943 - INFO - Картинка успешно загружена: Tsum-Man-krossovki-19739\38dc7680-f18c-4616-a9bf-c3a8ffa8c03f.jpg
2024-12-08 00:56:21,756 - INFO - Картинка успешно загружена: Tsum-Man-krossovki-19739\a27ce350-99f1-48da-948a-20fa763196d2.jpg
2024-12-08 00:56:23,220 - INFO - Картинка успешно загружена: Tsum-Man-krossovki-19739\190631ac-2a58-4765-956e-1b94ac7e6392.jpg
2024-12-08 00:56:24,627 - INFO - Картинка успешно загружена: Tsum-Man-krossovki-19739\95d1c8e6-24d8-4138-83ac-c99e0784df88.jpg
2024-12-08 00:56:25,925 - INFO - Картинка успешно загружена: Tsum-Man-krossovki-19739\86544215-afe0-4fed-ae3a-67bdb2a955c5.jpg
2024-12-08 00:56:27,425 - INFO - Картинка успешно загружена: Tsum-Man-krossovki-19739\9758ba17-8ded-4022-8e4e-74f8b84a387b.jpg
2024-12-08 00:56:29,393 - INFO - Успешный запрос к URL: https://www.tsum.ru/product/6986517-kombinirovannye-krossovki-be-right-back-off-white-sinii/
2024-12-08 00:56:42,049 - INFO - Картинка успешно загружена: Tsum-Man-krossovki-19739\2e59f372-ecc2-4294-9708-a4ead4b6c83a.jpg
2024-12-08 00:56:43,615 - INFO - Картинка успешно загружена: Tsum-Man-krossovki-19739\522aa344-d771-4601-8832-eb9e08facae9.jpg
2024-12-08 00:56:45,090 - INFO - Картинка успешно загружена: Tsum-Man-krossovki-19739\46f66830-c4da-447e-b94a-62b16ae4d081.jpg
2024-12-08 00:56:46,549 - INFO - Картинка успешно загружена: Tsum-Man-krossovki-19739\a70d4fb4-ec02-4a8a-a8c7-509b0302ba49.jpg
2024-12-08 00:56:48,116 - INFO - Картинка успешно загружена: Tsum-Man-krossovki-19739\6a6579c9-54c2-4ad5-81d1-b9a458b7150f.jpg
2024-12-08 00:56:50,207 - INFO - Картинка успешно загружена: Tsum-Man-krossovki-19739\2b319301-6335-4bde-ba68-db7458953359.jpg
2024-12-08 00:56:51,969 - INFO - Успешный запрос к URL: https://www.tsum.ru/product/6976179-kombinirovannye-krossovki-be-right-back-off-white-goluboi/
2024-12-08 00:57:04,565 - INFO - Картинка успешно загружена: Tsum-Man-krossovki-19739\6aff89f3-e806-45c6-be92-02e0f03fc47b.jpg
2024-12-08 00:57:06,043 - INFO - Картинка успешно загружена: Tsum-Man-krossovki-19739\6f444b5e-877f-4011-bf4e-33357c5ea0e3.jpg
2024-12-08 00:57:07,693 - INFO - Картинка успешно загружена: Tsum-Man-krossovki-19739\bd4d5dd9-e8dc-411f-961c-e0019cbb5894.jpg
2024-12-08 00:57:09,106 - INFO - Картинка успешно загружена: Tsum-Man-krossovki-19739\c73697af-4b90-40e9-b2a2-84276d64c01f.jpg
2024-12-08 00:57:10,773 - INFO - Картинка успешно загружена: Tsum-Man-krossovki-19739\3d6c4b27-e94f-40c3-a2ae-eccc95b250e5.jpg
2024-12-08 00:57:12,224 - INFO - Картинка успешно загружена: Tsum-Man-krossovki-19739\c7a865b7-b80a-4d96-ba51-f4edb77e03c7.jpg
2024-12-08 00:57:14,217 - INFO - Успешный запрос к URL: https://www.tsum.ru/product/6941611-kozhanye-kedy-oversized-alexander-mcqueen-raznotcvetnyi/
2024-12-08 00:57:26,603 - INFO - Картинка успешно загружена: Tsum-Man-krossovki-19739\46425eab-7cc0-4568-9293-4013dfcf87db.jpg
2024-12-08 00:57:28,482 - INFO - Картинка успешно загружена: Tsum-Man-krossovki-19739\a622cc88-51d9-401d-a449-67121c660947.jpg
2024-12-08 00:57:30,213 - INFO - Картинка успешно загружена: Tsum-Man-krossovki-19739\a7e58a29-659d-400e-8960-967b58ea84a0.jpg
2024-12-08 00:57:31,575 - INFO - Картинка успешно загружена: Tsum-Man-krossovki-19739\3f147003-671b-464f-99d4-b8bf675baed0.jpg
2024-12-08 00:57:33,050 - INFO - Картинка успешно загружена: Tsum-Man-krossovki-19739\323ad22c-5d90-465a-8035-ddd352a169ff.jpg
2024-12-08 00:57:34,572 - INFO - Картинка успешно загружена: Tsum-Man-krossovki-19739\1389b5c7-9b21-4331-b071-de11850d6f14.jpg
2024-12-08 00:57:36,823 - INFO - Успешный запрос к URL: https://www.tsum.ru/product/6979498-kozhanye-kedy-vl7n-valentino-chernyi/
2024-12-08 00:57:49,292 - INFO - Картинка успешно загружена: Tsum-Man-krossovki-19739\5f6568e4-3d4e-45d4-912f-624a04891393.jpg
2024-12-08 00:57:51,145 - INFO - Картинка успешно загружена: Tsum-Man-krossovki-19739\b605cc3a-07a2-41e4-a41f-423b7addc58a.jpg
2024-12-08 00:57:52,496 - INFO - Картинка успешно загружена: Tsum-Man-krossovki-19739\a9a85694-33ac-4cd7-a7b3-18c257ec4472.jpg
2024-12-08 00:57:53,793 - INFO - Картинка успешно загружена: Tsum-Man-krossovki-19739\4f60c4aa-29b3-499e-b042-5d1f3f1178d9.jpg
2024-12-08 00:57:55,186 - INFO - Картинка успешно загружена: Tsum-Man-krossovki-19739\45f7575b-4ea5-437b-8ab1-8b9b16e2c070.jpg
2024-12-08 00:57:56,739 - INFO - Картинка успешно загружена: Tsum-Man-krossovki-19739\9484e44e-bdaa-4ab8-b45c-6fa12a21ecd6.jpg
2024-12-08 00:57:58,738 - INFO - Успешный запрос к URL: https://www.tsum.ru/product/6968007-kombinirovannye-krossovki-pacey-moncler-kremovyi/
2024-12-08 00:58:00,088 - INFO - Картинка успешно загружена: Tsum-Man-krossovki-19739\e46ff682-de14-4902-866c-29ac34572b5f.jpg
2024-12-08 00:58:01,357 - INFO - Картинка успешно загружена: Tsum-Man-krossovki-19739\00535563-2e06-42a1-a42e-30af9b7bb680.jpg
2024-12-08 00:58:02,915 - INFO - Картинка успешно загружена: Tsum-Man-krossovki-19739\19c0562a-59bc-4893-8d30-fb4f04c4fa79.jpg
2024-12-08 00:58:04,302 - INFO - Картинка успешно загружена: Tsum-Man-krossovki-19739\a127e869-3803-4ba1-ba9a-68ee586de744.jpg
2024-12-08 00:58:05,792 - INFO - Картинка успешно загружена: Tsum-Man-krossovki-19739\e363de3b-cb57-4f1b-bd29-cc5d6f898a9d.jpg
2024-12-08 00:58:07,300 - INFO - Картинка успешно загружена: Tsum-Man-krossovki-19739\c8a49198-8da8-4efc-89c5-bb4bf2a237d9.jpg
2024-12-08 00:58:09,347 - INFO - Успешный запрос к URL: https://www.tsum.ru/product/6962262-kozhanye-kedy-palm-beach-university-palm-angels-belyi/
2024-12-08 00:58:21,817 - INFO - Картинка успешно загружена: Tsum-Man-krossovki-19739\3fe79825-0717-416f-8305-83c7cea88740.jpg
2024-12-08 00:58:23,139 - INFO - Картинка успешно загружена: Tsum-Man-krossovki-19739\cb3be728-443b-4d7f-a801-b2c4dad1ebed.jpg
2024-12-08 00:58:24,727 - INFO - Картинка успешно загружена: Tsum-Man-krossovki-19739\02ec03d3-63f9-4068-9c39-ba66f7a9793c.jpg
2024-12-08 00:58:26,088 - INFO - Картинка успешно загружена: Tsum-Man-krossovki-19739\6432a4d0-3dfe-4497-b89d-add0770ddd7f.jpg
2024-12-08 00:58:27,624 - INFO - Картинка успешно загружена: Tsum-Man-krossovki-19739\b2b65cc9-ca1f-45ff-a128-9d90c93e0f2f.jpg
2024-12-08 00:58:29,142 - INFO - Картинка успешно загружена: Tsum-Man-krossovki-19739\0232d703-5da2-4f72-8f5a-de4f3931f820.jpg
2024-12-08 00:58:31,221 - INFO - Успешный запрос к URL: https://www.tsum.ru/product/7009796-kozhanye-kedy-santoni-molochnyi/
2024-12-08 00:58:43,722 - INFO - Картинка успешно загружена: Tsum-Man-krossovki-19739\a85c73cc-b8cf-4977-9b81-495166469ac7.jpg
2024-12-08 00:58:45,126 - INFO - Картинка успешно загружена: Tsum-Man-krossovki-19739\8fb46352-4487-403b-ac8e-fcaa0b1db8f3.jpg
2024-12-08 00:58:46,588 - INFO - Картинка успешно загружена: Tsum-Man-krossovki-19739\f9eebac5-fc32-4504-b9f4-32265a3ec27b.jpg
2024-12-08 00:58:48,074 - INFO - Картинка успешно загружена: Tsum-Man-krossovki-19739\b3ea810d-18b4-47de-927e-04fae64deea5.jpg
2024-12-08 00:58:49,470 - INFO - Картинка успешно загружена: Tsum-Man-krossovki-19739\5269fc6d-3d2a-4b19-ae79-3199529b3308.jpg
2024-12-08 00:58:51,061 - INFO - Картинка успешно загружена: Tsum-Man-krossovki-19739\f8e8273d-6a7d-4d1c-b112-5f874d0a96a6.jpg
2024-12-08 00:59:03,891 - INFO - Картинка успешно загружена: Tsum-Man-krossovki-19739\3f467762-4d44-4612-8a52-77ce692e8bf8.jpg
2024-12-08 00:59:05,850 - INFO - Успешный запрос к URL: https://www.tsum.ru/product/6926324-krossovki-s-otdelkoi-iz-kozhi-kaimana-zilli-belyi-id102729032/
2024-12-08 00:59:07,146 - INFO - Картинка успешно загружена: Tsum-Man-krossovki-19739\899a5e9c-8da8-4fe7-abb9-07b6a49920ec.jpg
2024-12-08 00:59:08,472 - INFO - Картинка успешно загружена: Tsum-Man-krossovki-19739\1d2478e6-24a4-4513-8939-771400cae394.jpg
2024-12-08 00:59:10,476 - INFO - Картинка успешно загружена: Tsum-Man-krossovki-19739\6389e546-f71a-46f2-ad3e-6de78c93b5bf.jpg
2024-12-08 00:59:23,285 - INFO - Картинка успешно загружена: Tsum-Man-krossovki-19739\a9f8f4d9-2d13-472e-beca-92e4efaaa3ff.jpg
2024-12-08 00:59:24,601 - INFO - Картинка успешно загружена: Tsum-Man-krossovki-19739\528aed31-c2ae-4dfd-81ca-2de8a6a4082f.jpg
2024-12-08 00:59:25,881 - INFO - Картинка успешно загружена: Tsum-Man-krossovki-19739\5bb66b03-39a4-422d-82f0-047346a1f405.jpg
2024-12-08 00:59:27,916 - INFO - Успешный запрос к URL: https://www.tsum.ru/product/5688455-kozhanye-kedy-mille-885-chernyi/
2024-12-08 00:59:29,279 - INFO - Картинка успешно загружена: Tsum-Man-krossovki-19739\7231c7ad-813f-336d-a7fd-9399e1b09bc7.jpg
2024-12-08 00:59:30,806 - INFO - Картинка успешно загружена: Tsum-Man-krossovki-19739\8348db9c-a788-3f0a-93b7-9c59e252c22a.jpg
2024-12-08 00:59:32,331 - INFO - Картинка успешно загружена: Tsum-Man-krossovki-19739\5c34b124-6adc-3cc8-9bd3-30dfb19650c3.jpg
2024-12-08 00:59:33,657 - INFO - Картинка успешно загружена: Tsum-Man-krossovki-19739\b60169ae-0c23-30c9-be51-a68d87246e55.jpg
2024-12-08 00:59:35,077 - INFO - Картинка успешно загружена: Tsum-Man-krossovki-19739\ab3f3b37-c7a0-3ca2-8c64-6caabedde665.jpg
2024-12-08 00:59:36,636 - INFO - Картинка успешно загружена: Tsum-Man-krossovki-19739\5a149dd3-868d-3916-862e-abd2be958ac7.jpg
2024-12-08 00:59:39,098 - INFO - Успешный запрос к URL: https://www.tsum.ru/product/6955878-kozhanye-kedy-ej-egg-rocket-enterprise-japan-chernyi/
2024-12-08 00:59:51,561 - INFO - Картинка успешно загружена: Tsum-Man-krossovki-19739\2f3e8a00-a545-46b5-aa8e-209c187b026d.jpg
2024-12-08 00:59:53,251 - INFO - Картинка успешно загружена: Tsum-Man-krossovki-19739\0fa228e3-90f4-490a-95ce-b92f64600fa1.jpg
2024-12-08 00:59:54,764 - INFO - Картинка успешно загружена: Tsum-Man-krossovki-19739\a736fa02-9c8f-49ae-b506-472a8841afbc.jpg
2024-12-08 00:59:56,117 - INFO - Картинка успешно загружена: Tsum-Man-krossovki-19739\26bb1aaf-ab69-4b95-a5ae-3263fc8752a0.jpg
2024-12-08 00:59:57,545 - INFO - Картинка успешно загружена: Tsum-Man-krossovki-19739\8e56a295-55b0-4e9a-b451-db0b9f431f37.jpg
2024-12-08 00:59:59,143 - INFO - Картинка успешно загружена: Tsum-Man-krossovki-19739\ce59cf22-7c34-4545-aa54-a93128c5f6af.jpg
2024-12-08 01:00:01,092 - INFO - Успешный запрос к URL: https://www.tsum.ru/product/6947758-kozhanye-kedy-jil-sander-belyi/
2024-12-08 01:00:13,598 - INFO - Картинка успешно загружена: Tsum-Man-krossovki-19739\bbef1f73-45f3-451b-84a5-5bb0ceb029cf.jpg
2024-12-08 01:00:14,968 - INFO - Картинка успешно загружена: Tsum-Man-krossovki-19739\2567c2f3-008b-46c1-b868-22210ce27a03.jpg
2024-12-08 01:00:16,527 - INFO - Картинка успешно загружена: Tsum-Man-krossovki-19739\ca6bb95c-6838-4bcc-8dd8-ac2d4fe02307.jpg
2024-12-08 01:00:17,852 - INFO - Картинка успешно загружена: Tsum-Man-krossovki-19739\e2d12292-04b0-4ebb-9b8d-a96d0e062dd3.jpg
2024-12-08 01:00:19,190 - INFO - Картинка успешно загружена: Tsum-Man-krossovki-19739\fc7f2794-9d47-456e-99a0-3145f27d737c.jpg
2024-12-08 01:00:20,704 - INFO - Картинка успешно загружена: Tsum-Man-krossovki-19739\885291a2-a3cb-4c22-bd73-da5cb25c6297.jpg
2024-12-08 01:00:23,025 - INFO - Успешный запрос к URL: https://www.tsum.ru/product/6955475-tekstilnye-krossovki-kiton-bordovyi/
2024-12-08 01:00:35,543 - INFO - Картинка успешно загружена: Tsum-Man-krossovki-19739\c70ce4b8-9be0-4450-a727-3593b0353cd2.jpg
2024-12-08 01:00:36,971 - INFO - Картинка успешно загружена: Tsum-Man-krossovki-19739\5f3bd1a7-8576-47c6-807a-03078bcdbab5.jpg
2024-12-08 01:00:38,455 - INFO - Картинка успешно загружена: Tsum-Man-krossovki-19739\b64ae504-33b9-4a96-abbb-d7fedeeb2e1b.jpg
2024-12-08 01:00:40,929 - INFO - Картинка успешно загружена: Tsum-Man-krossovki-19739\803f4172-96a5-49dd-b40c-88a797d3ad26.jpg
2024-12-08 01:00:42,327 - INFO - Картинка успешно загружена: Tsum-Man-krossovki-19739\192adbad-b0e5-4487-9618-3832466ac9ed.jpg
2024-12-08 01:00:43,896 - INFO - Картинка успешно загружена: Tsum-Man-krossovki-19739\689e6e88-cf84-4f34-841b-0cd324e92f51.jpg
2024-12-08 01:00:45,904 - INFO - Успешный запрос к URL: https://www.tsum.ru/product/6972221-kozhanye-kedy-sl-61-saint-laurent-belyi/
2024-12-08 01:00:47,289 - INFO - Картинка успешно загружена: Tsum-Man-krossovki-19739\c4279e61-4122-4e84-9d68-a4c4400d39b7.jpg
2024-12-08 01:00:48,867 - INFO - Картинка успешно загружена: Tsum-Man-krossovki-19739\d5f1cfac-eb94-4a3e-aac7-d01537137e47.jpg
2024-12-08 01:00:51,046 - INFO - Картинка успешно загружена: Tsum-Man-krossovki-19739\6814b09c-0a22-45e1-ac03-ae9be764e471.jpg
2024-12-08 01:00:52,357 - INFO - Картинка успешно загружена: Tsum-Man-krossovki-19739\de3e32fe-d821-4c76-8a35-f4506782c0ee.jpg
2024-12-08 01:01:04,818 - INFO - Картинка успешно загружена: Tsum-Man-krossovki-19739\1e1a2884-9307-4bed-91a4-db51eaec9ca2.jpg
2024-12-08 01:01:07,061 - INFO - Картинка успешно загружена: Tsum-Man-krossovki-19739\9f6034c4-3374-423e-ba0e-c8a3c27ae5ec.jpg
2024-12-08 01:01:09,091 - INFO - Успешный запрос к URL: https://www.tsum.ru/product/6998901-kombinirovannye-krossovki-titanium-boss-belyi/
2024-12-08 01:01:10,438 - INFO - Картинка успешно загружена: Tsum-Man-krossovki-19739\ebe9f167-de96-47a6-88d9-e32e71018b4b.jpg
2024-12-08 01:01:11,970 - INFO - Картинка успешно загружена: Tsum-Man-krossovki-19739\bfab8ba8-d7e9-4924-8091-0b864ccd44a1.jpg
2024-12-08 01:01:13,671 - INFO - Картинка успешно загружена: Tsum-Man-krossovki-19739\91c9879e-dd50-4787-989d-43984b9878eb.jpg
2024-12-08 01:01:15,129 - INFO - Картинка успешно загружена: Tsum-Man-krossovki-19739\23e73ed4-f0ad-4b2b-af50-717dc0723c87.jpg
2024-12-08 01:01:16,502 - INFO - Картинка успешно загружена: Tsum-Man-krossovki-19739\10a3d89d-eac1-45e6-aa43-0a508623d804.jpg
2024-12-08 01:01:17,935 - INFO - Картинка успешно загружена: Tsum-Man-krossovki-19739\b5059094-c6cf-4b9e-b4ec-8dbcb8ca5d0e.jpg
2024-12-08 01:01:20,151 - INFO - Успешный запрос к URL: https://www.tsum.ru/product/6945534-zamshevye-kedy-kiton-temno-sinii/
2024-12-08 01:01:21,525 - INFO - Картинка успешно загружена: Tsum-Man-krossovki-19739\3a657ebb-f325-4e28-a895-7e0b7ebbf189.jpg
2024-12-08 01:01:23,013 - INFO - Картинка успешно загружена: Tsum-Man-krossovki-19739\3ba33787-f465-4df5-afb8-bd27cd1ba288.jpg
2024-12-08 01:01:35,500 - INFO - Картинка успешно загружена: Tsum-Man-krossovki-19739\68110908-ff4e-474e-be57-2413afcbbbf5.jpg
2024-12-08 01:01:36,778 - INFO - Картинка успешно загружена: Tsum-Man-krossovki-19739\260a6706-e55a-46fb-8212-6a10e0b69b4b.jpg
2024-12-08 01:01:38,122 - INFO - Картинка успешно загружена: Tsum-Man-krossovki-19739\b8613a5b-a9b5-4e42-bae6-c32215bdb9b5.jpg
2024-12-08 01:01:39,428 - INFO - Картинка успешно загружена: Tsum-Man-krossovki-19739\794c388b-2cb3-4966-96eb-532929e7e370.jpg
2024-12-08 01:01:41,489 - INFO - Успешный запрос к URL: https://www.tsum.ru/product/6945654-tekstilnye-krossovki-innova-santoni-chernyi/
2024-12-08 01:01:42,883 - INFO - Картинка успешно загружена: Tsum-Man-krossovki-19739\e9e22013-f5ec-4d43-aa63-fae6386c0308.jpg
2024-12-08 01:01:55,964 - INFO - Картинка успешно загружена: Tsum-Man-krossovki-19739\c9b08f90-aa7f-476f-bfcd-58a430d47dab.jpg
2024-12-08 01:01:57,463 - INFO - Картинка успешно загружена: Tsum-Man-krossovki-19739\ff08411f-aa99-452b-8c12-8695a9cd811b.jpg
2024-12-08 01:01:58,986 - INFO - Картинка успешно загружена: Tsum-Man-krossovki-19739\92500c40-5562-45ae-9de2-2f917011f724.jpg
2024-12-08 01:02:00,318 - INFO - Картинка успешно загружена: Tsum-Man-krossovki-19739\dc264676-f3c5-478a-9069-ebfc6fcb4115.jpg
2024-12-08 01:02:01,651 - INFO - Картинка успешно загружена: Tsum-Man-krossovki-19739\29079840-7889-468e-a343-2414c49f724a.jpg
2024-12-08 01:02:04,028 - INFO - Успешный запрос к URL: https://www.tsum.ru/product/6955879-zamshevye-kedy-ej-jupiter-rocket-enterprise-japan-korichnevyi-id102342768/
2024-12-08 01:02:16,710 - INFO - Картинка успешно загружена: Tsum-Man-krossovki-19739\7708756e-9f7e-4dcf-a5e6-986ef62b4a6f.jpg
2024-12-08 01:02:18,256 - INFO - Картинка успешно загружена: Tsum-Man-krossovki-19739\b1e6a3df-c80e-40d2-b611-41dad411eaff.jpg
2024-12-08 01:02:19,968 - INFO - Картинка успешно загружена: Tsum-Man-krossovki-19739\c4c5376a-5373-4f15-80db-2ad12b3f73fc.jpg
2024-12-08 01:02:21,889 - INFO - Картинка успешно загружена: Tsum-Man-krossovki-19739\8567409a-ea74-4f8b-9fe5-c9c4f34880f8.jpg
2024-12-08 01:02:23,196 - INFO - Картинка успешно загружена: Tsum-Man-krossovki-19739\0f86c870-aa5c-4199-bcb0-8b1ce7da159b.jpg
2024-12-08 01:02:25,735 - INFO - Картинка успешно загружена: Tsum-Man-krossovki-19739\17402a00-f98e-4e5c-876e-d86ed6937074.jpg
2024-12-08 01:02:27,774 - INFO - Успешный запрос к URL: https://www.tsum.ru/product/he00882673-krossovki-prax-01-prada-belyi/
2024-12-08 01:02:29,109 - INFO - Картинка успешно загружена: Tsum-Man-krossovki-19739\d9a9ed25-68d1-489a-9b4f-7c630b52d26a.jpg
2024-12-08 01:02:30,363 - INFO - Картинка успешно загружена: Tsum-Man-krossovki-19739\c6655fe4-e3ca-4061-b86b-8dc088cd905d.jpg
2024-12-08 01:02:42,910 - INFO - Картинка успешно загружена: Tsum-Man-krossovki-19739\ac6ca784-6dfb-43fa-b484-e06bf20ace0e.jpg
2024-12-08 01:02:44,246 - INFO - Картинка успешно загружена: Tsum-Man-krossovki-19739\cc47b487-7d9f-49d6-99c6-3deaa2e7071b.jpg
2024-12-08 01:02:45,556 - INFO - Картинка успешно загружена: Tsum-Man-krossovki-19739\c9baee30-4261-4a9d-b3f2-b4b1608d767f.jpg
2024-12-08 01:02:47,031 - INFO - Картинка успешно загружена: Tsum-Man-krossovki-19739\817958fb-a726-4958-85bf-81cf9e9090aa.jpg
2024-12-08 01:02:49,272 - INFO - Успешный запрос к URL: https://www.tsum.ru/product/7004108-kombinirovannye-krossovki-nous-premiata-temno-sinii/
2024-12-08 01:02:50,694 - INFO - Картинка успешно загружена: Tsum-Man-krossovki-19739\c6f15194-e4ce-4dc6-bb7b-bdf3849d03d5.jpg
2024-12-08 01:02:52,236 - INFO - Картинка успешно загружена: Tsum-Man-krossovki-19739\73ed6cd2-949b-4e4d-9036-027e8a65d2a1.jpg
2024-12-08 01:02:53,732 - INFO - Картинка успешно загружена: Tsum-Man-krossovki-19739\9741829a-352b-44fa-9bd6-86f386f08b35.jpg
2024-12-08 01:02:55,133 - INFO - Картинка успешно загружена: Tsum-Man-krossovki-19739\0d0c0183-245c-48d2-bbb9-3787bd9be6d8.jpg
2024-12-08 01:02:56,636 - INFO - Картинка успешно загружена: Tsum-Man-krossovki-19739\c2212ec0-e092-4c62-b4f3-f11ef481639f.jpg
2024-12-08 01:03:09,302 - INFO - Картинка успешно загружена: Tsum-Man-krossovki-19739\5f8d8e10-be9e-4986-a829-ca6023bdff4d.jpg
2024-12-08 01:03:11,442 - INFO - Успешный запрос к URL: https://www.tsum.ru/product/6946628-kombinirovannye-krossovki-jago-tom-ford-temno-sinii-id102750996/
2024-12-08 01:03:12,870 - INFO - Картинка успешно загружена: Tsum-Man-krossovki-19739\386c9412-8328-4b64-ae33-2cc3ec956303.jpg
2024-12-08 01:03:14,402 - INFO - Картинка успешно загружена: Tsum-Man-krossovki-19739\4758cc32-4b2a-40e4-9714-1a527b8c5d96.jpg
2024-12-08 01:03:15,773 - INFO - Картинка успешно загружена: Tsum-Man-krossovki-19739\386b178e-7f56-43ff-bdb1-210646a86e98.jpg
2024-12-08 01:03:17,150 - INFO - Картинка успешно загружена: Tsum-Man-krossovki-19739\59341d46-f05f-4a3b-a46a-7aa1f36a4370.jpg
2024-12-08 01:03:29,543 - INFO - Картинка успешно загружена: Tsum-Man-krossovki-19739\dc23e03d-438e-4526-b682-63c5600ba670.jpg
2024-12-08 01:03:31,137 - INFO - Картинка успешно загружена: Tsum-Man-krossovki-19739\452177df-880d-45a9-9096-8d23e85aa172.jpg
2024-12-08 01:03:33,272 - INFO - Успешный запрос к URL: https://www.tsum.ru/product/6946937-zamshevye-kedy-santoni-korichnevyi/
2024-12-08 01:03:34,660 - INFO - Картинка успешно загружена: Tsum-Man-krossovki-19739\1c11a906-524a-4f9d-82f9-e9e5fba26c4a.jpg
2024-12-08 01:03:36,207 - INFO - Картинка успешно загружена: Tsum-Man-krossovki-19739\20ac97a8-f02e-4794-a28e-fd9d97e4b278.jpg
2024-12-08 01:03:38,127 - INFO - Картинка успешно загружена: Tsum-Man-krossovki-19739\cfa39c40-b879-4247-958b-8c09b814fb1e.jpg
2024-12-08 01:03:39,497 - INFO - Картинка успешно загружена: Tsum-Man-krossovki-19739\fdb54f9b-d17b-4549-9710-ace8f2cc938d.jpg
2024-12-08 01:03:40,885 - INFO - Картинка успешно загружена: Tsum-Man-krossovki-19739\4f628583-d5d5-40b8-b0d6-794b76ffd6dd.jpg
2024-12-08 01:03:42,462 - INFO - Картинка успешно загружена: Tsum-Man-krossovki-19739\2e8a07d7-417e-440d-ab06-f8ebe5df150c.jpg
2024-12-08 01:03:44,398 - INFO - Успешный запрос к URL: https://www.tsum.ru/product/6971283-kozhanye-krossovki-jonah-boss-chernyi/
2024-12-08 01:03:45,747 - INFO - Картинка успешно загружена: Tsum-Man-krossovki-19739\42608d34-0393-47cc-8339-f02b677b4106.jpg
2024-12-08 01:03:58,195 - INFO - Картинка успешно загружена: Tsum-Man-krossovki-19739\6f9e7081-d8d4-4817-98cc-4ff65dfbe73c.jpg
2024-12-08 01:03:59,586 - INFO - Картинка успешно загружена: Tsum-Man-krossovki-19739\6a41f8c6-b0fa-4bd6-95cb-92c80302af12.jpg
2024-12-08 01:04:01,204 - INFO - Картинка успешно загружена: Tsum-Man-krossovki-19739\b5598ca7-f2ee-428b-bc22-78cacaf98c1c.jpg
2024-12-08 01:04:02,580 - INFO - Картинка успешно загружена: Tsum-Man-krossovki-19739\3d37cdfb-5c8e-4d70-a1c8-5b8c373d896a.jpg
2024-12-08 01:04:04,343 - INFO - Картинка успешно загружена: Tsum-Man-krossovki-19739\6fcda283-ff95-41de-a5d1-85916ff266bc.jpg
2024-12-08 01:04:06,540 - INFO - Успешный запрос к URL: https://www.tsum.ru/product/6996620-kombinirovannye-krossovki-hugo-chernyi/
2024-12-08 01:04:07,938 - INFO - Картинка успешно загружена: Tsum-Man-krossovki-19739\caaa3d4d-bd59-4b9a-a2e9-7490995e40ed.jpg
2024-12-08 01:04:09,407 - INFO - Картинка успешно загружена: Tsum-Man-krossovki-19739\8f633a22-5273-4a8b-9166-636dc7eb90f7.jpg
2024-12-08 01:04:11,265 - INFO - Картинка успешно загружена: Tsum-Man-krossovki-19739\3d85b619-6dee-4dd4-8422-7dbb8de4b754.jpg
2024-12-08 01:04:12,971 - INFO - Картинка успешно загружена: Tsum-Man-krossovki-19739\a5e4f943-b5cd-4fcd-9a28-400bc6e35239.jpg
2024-12-08 01:04:25,407 - INFO - Картинка успешно загружена: Tsum-Man-krossovki-19739\1851d160-99d5-4b7e-af00-679b87b57f2a.jpg
2024-12-08 01:04:26,906 - INFO - Картинка успешно загружена: Tsum-Man-krossovki-19739\bb7f84a0-594f-42d6-86d8-511f0fb044bb.jpg
2024-12-08 01:04:28,948 - INFO - Успешный запрос к URL: https://www.tsum.ru/product/6038471-kozhanye-kedy-must-belyi/
2024-12-08 01:04:30,736 - INFO - Картинка успешно загружена: Tsum-Man-krossovki-19739\10f77c06-8718-451f-b885-14ee8f8c6737.jpg
2024-12-08 01:04:32,247 - INFO - Картинка успешно загружена: Tsum-Man-krossovki-19739\d17d82f7-a3cd-4947-8619-b7b24f54ce51.jpg
2024-12-08 01:04:33,833 - INFO - Картинка успешно загружена: Tsum-Man-krossovki-19739\827f198e-92dc-4681-8bc7-60251309a2f2.jpg
2024-12-08 01:04:46,145 - INFO - Картинка успешно загружена: Tsum-Man-krossovki-19739\f8ebe4ae-56f1-4b4e-8fbd-5270fe5e111e.jpg
2024-12-08 01:04:47,473 - INFO - Картинка успешно загружена: Tsum-Man-krossovki-19739\f6a34d50-bcdf-4ac0-b57c-810208757f54.jpg
2024-12-08 01:04:48,847 - INFO - Картинка успешно загружена: Tsum-Man-krossovki-19739\7c330855-038a-42f3-957a-22013acc2b7c.jpg
2024-12-08 01:04:50,963 - INFO - Успешный запрос к URL: https://www.tsum.ru/product/6978108-zamshevye-kedy-tod-s-temno-korichnevyi/
2024-12-08 01:04:52,350 - INFO - Картинка успешно загружена: Tsum-Man-krossovki-19739\d6f43e74-7141-4907-85a1-6afdf3e4d1b9.jpg
2024-12-08 01:04:53,707 - INFO - Картинка успешно загружена: Tsum-Man-krossovki-19739\7efa9b32-227f-4add-aa34-d8c1b324d97c.jpg
2024-12-08 01:05:06,253 - INFO - Картинка успешно загружена: Tsum-Man-krossovki-19739\d8f6a00e-8927-4ebe-8965-247a22afaab5.jpg
2024-12-08 01:05:07,597 - INFO - Картинка успешно загружена: Tsum-Man-krossovki-19739\8238ad5c-9f16-4a1d-b852-561f00a0efdc.jpg
2024-12-08 01:05:08,950 - INFO - Картинка успешно загружена: Tsum-Man-krossovki-19739\e974e9cf-f8d9-4d94-85a1-36c59b143677.jpg
2024-12-08 01:05:10,561 - INFO - Картинка успешно загружена: Tsum-Man-krossovki-19739\cce27df9-066e-409f-8e75-c5c88a4b8df8.jpg
2024-12-08 01:05:12,596 - INFO - Успешный запрос к URL: https://www.tsum.ru/product/6788109-zamshevye-kedy-hybrid-brunello-cucinelli-temno-seryi/
2024-12-08 01:05:14,027 - INFO - Картинка успешно загружена: Tsum-Man-krossovki-19739\8eab7463-d6d4-4a72-b8c5-d273f23a6088.jpg
2024-12-08 01:05:26,733 - INFO - Картинка успешно загружена: Tsum-Man-krossovki-19739\6364f103-285a-4573-a8d7-ad0f4ec54bd0.jpg
2024-12-08 01:05:28,201 - INFO - Картинка успешно загружена: Tsum-Man-krossovki-19739\355ff4cd-b294-4dac-8c87-42218a82d826.jpg
2024-12-08 01:05:29,769 - INFO - Картинка успешно загружена: Tsum-Man-krossovki-19739\577fa9ae-8cce-4ec0-8a67-aae07aa09fcc.jpg
2024-12-08 01:05:31,123 - INFO - Картинка успешно загружена: Tsum-Man-krossovki-19739\0332f338-d613-49cb-bd3f-8cbadd21e8cc.jpg
2024-12-08 01:05:32,726 - INFO - Картинка успешно загружена: Tsum-Man-krossovki-19739\c0820133-f3ee-42a6-bd90-69e0d35a7149.jpg
2024-12-08 01:05:45,848 - INFO - Успешный запрос к URL: https://www.tsum.ru/product/6785214-kozhanye-kedy-doucal-s-belyi/
2024-12-08 01:05:47,766 - INFO - Картинка успешно загружена: Tsum-Man-krossovki-19739\290ad730-400b-41a0-b278-89e11c775135.jpg
2024-12-08 01:05:49,308 - INFO - Картинка успешно загружена: Tsum-Man-krossovki-19739\2716ded2-6d2b-4cc6-bf0c-f4a438fed75d.jpg
2024-12-08 01:05:51,114 - INFO - Картинка успешно загружена: Tsum-Man-krossovki-19739\ca4c3288-2341-4390-88ec-49def31a3d40.jpg
2024-12-08 01:05:52,513 - INFO - Картинка успешно загружена: Tsum-Man-krossovki-19739\c4c8eb9c-a3aa-4488-9d2f-ffd632f3b9ad.jpg
2024-12-08 01:05:53,937 - INFO - Картинка успешно загружена: Tsum-Man-krossovki-19739\9867874e-6eb8-42ea-b98e-0ccf2a1fc9ff.jpg
2024-12-08 01:05:55,857 - INFO - Картинка успешно загружена: Tsum-Man-krossovki-19739\4b76fc1c-a145-44c5-b645-9a69b0a701f0.jpg
2024-12-08 01:05:58,026 - INFO - Успешный запрос к URL: https://www.tsum.ru/product/6868482-krossovki-s-otdelkoi-iz-kozhi-kaimana-zilli-belyi/
2024-12-08 01:05:59,459 - INFO - Картинка успешно загружена: Tsum-Man-krossovki-19739\bb907ab3-482a-495c-8b64-14075828927e.jpg
2024-12-08 01:06:01,078 - INFO - Картинка успешно загружена: Tsum-Man-krossovki-19739\6ee8698e-cc98-422b-a576-2d58344ab0c0.jpg
2024-12-08 01:06:02,419 - INFO - Картинка успешно загружена: Tsum-Man-krossovki-19739\cbdbcea4-0103-4c8e-aa66-2168a436507b.jpg
2024-12-08 01:06:04,102 - INFO - Картинка успешно загружена: Tsum-Man-krossovki-19739\3fce646c-b81e-427a-840e-caaf15110de6.jpg
2024-12-08 01:06:05,349 - INFO - Картинка успешно загружена: Tsum-Man-krossovki-19739\102a4421-901e-47e0-9dbb-e3e8eed96953.jpg
2024-12-08 01:06:06,734 - INFO - Картинка успешно загружена: Tsum-Man-krossovki-19739\1822e85d-6d79-4c5d-8b26-0a068c39daa7.jpg
2024-12-08 01:06:08,686 - INFO - Успешный запрос к URL: https://www.tsum.ru/product/6954569-kombinirovannye-krossovki-chester-boss-chernyi/
2024-12-08 01:06:10,684 - INFO - Картинка успешно загружена: Tsum-Man-krossovki-19739\c47ce15e-af25-4987-9146-3afc28c18061.jpg
2024-12-08 01:06:12,170 - INFO - Картинка успешно загружена: Tsum-Man-krossovki-19739\8ef49893-9860-44fe-8bd4-d0dc81e36530.jpg
2024-12-08 01:06:13,657 - INFO - Картинка успешно загружена: Tsum-Man-krossovki-19739\e09e91d8-c35b-46d0-bee2-ea78158a37c5.jpg
2024-12-08 01:06:15,024 - INFO - Картинка успешно загружена: Tsum-Man-krossovki-19739\0128ffc6-b53a-4c76-b5a9-dd0c7fd01314.jpg
2024-12-08 01:06:16,732 - INFO - Картинка успешно загружена: Tsum-Man-krossovki-19739\8a0a46db-0a0c-4a87-ac46-eae0d6786371.jpg
2024-12-08 01:06:18,665 - INFO - Картинка успешно загружена: Tsum-Man-krossovki-19739\e6283113-9e13-47b9-addc-3a1092314884.jpg
2024-12-08 01:06:20,898 - INFO - Успешный запрос к URL: https://www.tsum.ru/product/6998901-kombinirovannye-krossovki-titanium-boss-chernyi-id102904964/
2024-12-08 01:06:22,457 - INFO - Картинка успешно загружена: Tsum-Man-krossovki-19739\c37a87db-2d61-4a43-8c36-252cf01e9b32.jpg
2024-12-08 01:06:23,811 - INFO - Картинка успешно загружена: Tsum-Man-krossovki-19739\b95ae61a-3605-4b59-9292-0588f5f8db91.jpg
2024-12-08 01:06:25,354 - INFO - Картинка успешно загружена: Tsum-Man-krossovki-19739\ef09a207-4003-4a78-8eaa-4ae4f6c3560f.jpg
2024-12-08 01:06:26,754 - INFO - Картинка успешно загружена: Tsum-Man-krossovki-19739\325fb400-0c62-4227-bf77-e76c610bae49.jpg
2024-12-08 01:06:28,518 - INFO - Картинка успешно загружена: Tsum-Man-krossovki-19739\942fe5a0-6d8e-4340-95c0-7aad4227b04e.jpg
2024-12-08 01:06:41,564 - INFO - Картинка успешно загружена: Tsum-Man-krossovki-19739\86a99b8c-cffa-4b22-b410-e8a1632b5e43.jpg
2024-12-08 01:06:43,520 - INFO - Успешный запрос к URL: https://www.tsum.ru/product/6991457-kombinirovannye-krossovki-leon-hugo-chernyi/
2024-12-08 01:06:44,965 - INFO - Картинка успешно загружена: Tsum-Man-krossovki-19739\2e83c5cb-310b-46e1-9e8a-065400692d0e.jpg
2024-12-08 01:06:46,374 - INFO - Картинка успешно загружена: Tsum-Man-krossovki-19739\28f628d6-ee4d-481b-8473-668caef3d5d6.jpg
2024-12-08 01:06:48,500 - INFO - Картинка успешно загружена: Tsum-Man-krossovki-19739\2e197c71-3d1c-46a5-be5c-1c1154a01cf4.jpg
2024-12-08 01:06:50,203 - INFO - Картинка успешно загружена: Tsum-Man-krossovki-19739\2e12b1da-d8e6-4ce4-8feb-06f8d492d267.jpg
2024-12-08 01:06:51,585 - INFO - Картинка успешно загружена: Tsum-Man-krossovki-19739\4b99a8e4-738f-43e0-9d85-eaff34d1c394.jpg
2024-12-08 01:06:52,929 - INFO - Картинка успешно загружена: Tsum-Man-krossovki-19739\9218324f-b3dd-4077-a160-963e99900b2b.jpg
2024-12-08 01:06:54,951 - INFO - Успешный запрос к URL: https://www.tsum.ru/product/6969549-kozhanye-kedy-b-court-balmain-bezhevyi/
2024-12-08 01:06:56,999 - INFO - Картинка успешно загружена: Tsum-Man-krossovki-19739\417bb30c-5b28-4890-906d-310c93a1a8c3.jpg
2024-12-08 01:07:09,688 - INFO - Картинка успешно загружена: Tsum-Man-krossovki-19739\16ab70dd-94d1-482f-baf1-dc1b7da4843e.jpg
2024-12-08 01:07:11,015 - INFO - Картинка успешно загружена: Tsum-Man-krossovki-19739\8af926ba-a1c2-4cc6-abf2-6875346f1be4.jpg
2024-12-08 01:07:12,343 - INFO - Картинка успешно загружена: Tsum-Man-krossovki-19739\747f71cc-c4e8-413e-868a-9fd76f633458.jpg
2024-12-08 01:07:13,736 - INFO - Картинка успешно загружена: Tsum-Man-krossovki-19739\4b119ba8-dba8-41eb-8731-2b28fd19e1a6.jpg
2024-12-08 01:07:15,357 - INFO - Картинка успешно загружена: Tsum-Man-krossovki-19739\d4d43291-11c6-4a04-aadf-4e8174c75a67.jpg
2024-12-08 01:07:15,358 - INFO - Данные добавлены в 'Tsum-Man-krossovki-19739.csv' и 'Tsum-Man-krossovki-19739_temp.csv'
2024-12-08 01:09:35,998 - INFO - Успешный запрос к URL: https://www.tsum.ru/catalog/odezhda-2409/
2024-12-08 01:09:38,279 - INFO - Успешный запрос к URL: https://www.tsum.ru/product/7015783-kashemirovoe-palto-must-chernyi/
2024-12-08 01:09:40,836 - INFO - Успешный запрос к URL: https://www.tsum.ru/catalog/obuv-18440/
2024-12-08 01:09:40,897 - INFO - Найдено 8 элементов на странице https://www.tsum.ru/catalog/obuv-18440/
2024-12-08 01:09:43,502 - INFO - Успешный запрос к URL: https://www.tsum.ru/catalog/krossovki-19739/?page=1
2024-12-08 01:09:43,566 - INFO - Добавлено 60 уникальных ссылок с страницы 1
2024-12-08 01:09:43,568 - INFO - Добавлено 60 новых ссылок в Tsum-Man-krossovki-19739.json
2024-12-08 01:09:45,559 - INFO - Успешный запрос к URL: https://www.tsum.ru/product/6962827-zamshevye-krossovki-dg-runner-dolce-gabbana-korichnevyi/
2024-12-08 01:09:58,184 - INFO - Картинка успешно загружена: Tsum-Man-krossovki-19739\f720cb67-ccba-4578-8cce-05d855ecc634.jpg
2024-12-08 01:09:59,940 - INFO - Картинка успешно загружена: Tsum-Man-krossovki-19739\0f0eaf54-8ddf-40a5-b921-e675eb16237a.jpg
2024-12-08 01:10:01,752 - INFO - Картинка успешно загружена: Tsum-Man-krossovki-19739\f1bfaa0d-ee72-4afc-ac52-90500b09e653.jpg
2024-12-08 01:10:03,113 - INFO - Картинка успешно загружена: Tsum-Man-krossovki-19739\679fa613-5bc1-41e2-99b6-5bb3f512b773.jpg
2024-12-08 01:10:04,679 - INFO - Картинка успешно загружена: Tsum-Man-krossovki-19739\84d935e4-ac22-4a3b-87cd-c811945d9b97.jpg
2024-12-08 01:10:06,375 - INFO - Картинка успешно загружена: Tsum-Man-krossovki-19739\45148cdc-3971-457d-9f6a-2b9338220d4a.jpg
2024-12-08 01:10:08,032 - INFO - Картинка успешно загружена: Tsum-Man-krossovki-19739\c9b3e3d9-6b15-4fce-9fd4-be2495ff58fe.jpg
2024-12-08 01:10:10,267 - INFO - Успешный запрос к URL: https://www.tsum.ru/product/6931078-kombinirovannye-krossovki-stefano-ricci-korichnevyi/
2024-12-08 01:10:11,698 - INFO - Картинка успешно загружена: Tsum-Man-krossovki-19739\98e9733a-0934-4d0c-b3a0-bdbc1274cafe.jpg
2024-12-08 01:10:13,175 - INFO - Картинка успешно загружена: Tsum-Man-krossovki-19739\2acb9a95-5e22-4cee-8f7f-9a64d35ab234.jpg
2024-12-08 01:10:14,501 - INFO - Картинка успешно загружена: Tsum-Man-krossovki-19739\2e934d06-19f5-4ee5-aea5-b96f776ac493.jpg
2024-12-08 01:10:26,934 - INFO - Картинка успешно загружена: Tsum-Man-krossovki-19739\132741d7-03c8-4787-ba41-8911f77765f0.jpg
2024-12-08 01:10:28,278 - INFO - Картинка успешно загружена: Tsum-Man-krossovki-19739\a3b65181-835f-4c96-b18a-29dc42d7dfba.jpg
2024-12-08 01:10:29,706 - INFO - Картинка успешно загружена: Tsum-Man-krossovki-19739\13bf4fac-ccf4-4c64-a6c9-529cdfcced0d.jpg
2024-12-08 01:10:31,617 - INFO - Успешный запрос к URL: https://www.tsum.ru/product/6996620-kombinirovannye-krossovki-hugo-chernyi/
2024-12-08 01:10:32,994 - INFO - Картинка успешно загружена: Tsum-Man-krossovki-19739\caaa3d4d-bd59-4b9a-a2e9-7490995e40ed.jpg
2024-12-08 01:10:34,504 - INFO - Картинка успешно загружена: Tsum-Man-krossovki-19739\8f633a22-5273-4a8b-9166-636dc7eb90f7.jpg
2024-12-08 01:10:35,751 - INFO - Картинка успешно загружена: Tsum-Man-krossovki-19739\3d85b619-6dee-4dd4-8422-7dbb8de4b754.jpg
2024-12-08 01:10:37,083 - INFO - Картинка успешно загружена: Tsum-Man-krossovki-19739\a5e4f943-b5cd-4fcd-9a28-400bc6e35239.jpg
2024-12-08 01:10:38,329 - INFO - Картинка успешно загружена: Tsum-Man-krossovki-19739\1851d160-99d5-4b7e-af00-679b87b57f2a.jpg
2024-12-08 01:10:39,805 - INFO - Картинка успешно загружена: Tsum-Man-krossovki-19739\bb7f84a0-594f-42d6-86d8-511f0fb044bb.jpg
2024-12-08 01:10:42,255 - INFO - Успешный запрос к URL: https://www.tsum.ru/product/6962825-kozhanye-kedy-portofino-dolce-gabbana-belyi/
2024-12-08 01:10:43,653 - INFO - Картинка успешно загружена: Tsum-Man-krossovki-19739\52f5bfad-c9c0-4aa3-b8d5-31228f5f7301.jpg
2024-12-08 01:10:45,025 - INFO - Картинка успешно загружена: Tsum-Man-krossovki-19739\9fb0025d-0eca-4aeb-a679-eb76990bb1f8.jpg
2024-12-08 01:10:46,547 - INFO - Картинка успешно загружена: Tsum-Man-krossovki-19739\0531da45-f17e-4729-b0b5-dc589fa2b68d.jpg
2024-12-08 01:10:58,954 - INFO - Картинка успешно загружена: Tsum-Man-krossovki-19739\08d1fdbb-a27d-4385-b63b-690523f9190b.jpg
2024-12-08 01:11:00,217 - INFO - Картинка успешно загружена: Tsum-Man-krossovki-19739\7c50aa33-7764-41a1-b8bf-78591882dedd.jpg
2024-12-08 01:11:01,813 - INFO - Картинка успешно загружена: Tsum-Man-krossovki-19739\b20c38b5-9824-482e-9b3e-03c8a34f5fa0.jpg
2024-12-08 01:11:03,814 - INFO - Успешный запрос к URL: https://www.tsum.ru/product/6926277-kozhanye-kedy-b-court-balmain-belyi/
2024-12-08 01:11:05,332 - INFO - Картинка успешно загружена: Tsum-Man-krossovki-19739\b21d6772-1e3e-416b-be63-98418fd6a501.jpg
2024-12-08 01:11:06,892 - INFO - Картинка успешно загружена: Tsum-Man-krossovki-19739\eac30350-1248-47c7-b27d-5175be954de3.jpg
2024-12-08 01:11:08,436 - INFO - Картинка успешно загружена: Tsum-Man-krossovki-19739\ad52db8e-0a2a-4d63-aeca-d4d16555bcd3.jpg
2024-12-08 01:11:09,718 - INFO - Картинка успешно загружена: Tsum-Man-krossovki-19739\caf17e1c-b899-4891-8c6a-9f88d319f366.jpg
2024-12-08 01:11:11,098 - INFO - Картинка успешно загружена: Tsum-Man-krossovki-19739\272c2b34-0167-4fce-a017-de322c6799f3.jpg
2024-12-08 01:11:12,588 - INFO - Картинка успешно загружена: Tsum-Man-krossovki-19739\376395c7-6a12-4d9c-91c8-f558a0e0b8a5.jpg
2024-12-08 01:15:39,892 - INFO - Успешный запрос к URL: https://www.tsum.ru/catalog/odezhda-2409/
2024-12-08 01:15:41,868 - INFO - Успешный запрос к URL: https://www.tsum.ru/product/7015783-kashemirovoe-palto-must-chernyi/
2024-12-08 01:15:43,568 - INFO - Успешный запрос к URL: https://www.tsum.ru/catalog/obuv-18440/
2024-12-08 01:15:43,630 - INFO - Найдено 8 элементов на странице https://www.tsum.ru/catalog/obuv-18440/
2024-12-08 01:15:45,288 - INFO - Успешный запрос к URL: https://www.tsum.ru/catalog/krossovki-19739/?page=1
2024-12-08 01:15:45,352 - INFO - Добавлено 60 уникальных ссылок с страницы 1
